This is pdfTeX, Version 3.14159265-2.6-1.40.21 (MiKTeX 20.12) (preloaded format=pdflatex 2020.12.18)  14 JAN 2021 22:46
entering extended mode
**./main.tex
(main.tex
LaTeX2e <2020-10-01> patch level 2
L3 programming layer <2020-12-07> xparse <2020-03-03> (preamble.tex
(C:\Users\ausflR\AppData\Local\Programs\MiKTeX\tex/latex/base\report.cls
Document Class: report 2020/04/10 v1.4m Standard LaTeX document class
(C:\Users\ausflR\AppData\Local\Programs\MiKTeX\tex/latex/base\size12.clo
File: size12.clo 2020/04/10 v1.4m Standard LaTeX file (size option)
)
\c@part=\count177
\c@chapter=\count178
\c@section=\count179
\c@subsection=\count180
\c@subsubsection=\count181
\c@paragraph=\count182
\c@subparagraph=\count183
\c@figure=\count184
\c@table=\count185
\abovecaptionskip=\skip47
\belowcaptionskip=\skip48
\bibindent=\dimen138
)
(C:\Users\ausflR\AppData\Local\Programs\MiKTeX\tex/latex/import\import.sty
Package: import 2020/04/01  v 6.2
)
(C:\Users\ausflR\AppData\Local\Programs\MiKTeX\tex/latex/graphics\graphicx.sty
Package: graphicx 2020/09/09 v1.2b Enhanced LaTeX Graphics (DPC,SPQR)

(C:\Users\ausflR\AppData\Local\Programs\MiKTeX\tex/latex/graphics\keyval.sty
Package: keyval 2014/10/28 v1.15 key=value parser (DPC)
\KV@toks@=\toks15
)
(C:\Users\ausflR\AppData\Local\Programs\MiKTeX\tex/latex/graphics\graphics.sty
Package: graphics 2020/08/30 v1.4c Standard LaTeX Graphics (DPC,SPQR)

(C:\Users\ausflR\AppData\Local\Programs\MiKTeX\tex/latex/graphics\trig.sty
Package: trig 2016/01/03 v1.10 sin cos tan (DPC)
)
(C:\Users\ausflR\AppData\Local\Programs\MiKTeX\tex/latex/graphics-cfg\graphics.
cfg
File: graphics.cfg 2016/06/04 v1.11 sample graphics configuration
)
Package graphics Info: Driver file: pdftex.def on input line 105.

(C:\Users\ausflR\AppData\Local\Programs\MiKTeX\tex/latex/graphics-def\pdftex.de
f
File: pdftex.def 2020/10/05 v1.2a Graphics/color driver for pdftex
))
\Gin@req@height=\dimen139
\Gin@req@width=\dimen140
)
(C:\Users\ausflR\AppData\Local\Programs\MiKTeX\tex/latex/subfigure\subfigure.st
y
Package: subfigure 2002/07/30 v2.1.4 subfigure package
\subfigtopskip=\skip49
\subfigcapskip=\skip50
\subfigcaptopadj=\dimen141
\subfigbottomskip=\skip51
\subfigcapmargin=\dimen142
\subfiglabelskip=\skip52
\c@subfigure=\count186
\c@lofdepth=\count187
\c@subtable=\count188
\c@lotdepth=\count189

****************************************
* Local config file subfigure.cfg used *
****************************************

(C:\Users\ausflR\AppData\Local\Programs\MiKTeX\tex/latex/subfigure\subfigure.cf
g)
\subfig@top=\skip53
\subfig@bottom=\skip54
)
(C:\Users\ausflR\AppData\Local\Programs\MiKTeX\tex/latex/verbatimbox\verbatimbo
x.sty
Package: verbatimbox 2014/03/12 v3.13 Routines for placing verbatim text into b
oxes, useful in places where the verbatim environment is inaccessible. Secondar
ily, for adding vertical buffer around an object.

(C:\Users\ausflR\AppData\Local\Programs\MiKTeX\tex/latex/tools\verbatim.sty
Package: verbatim 2019/11/10 v1.5r LaTeX2e package for verbatim enhancements
\every@verbatim=\toks16
\verbatim@line=\toks17
\verbatim@in@stream=\read2
)
(C:\Users\ausflR\AppData\Local\Programs\MiKTeX\tex/latex/readarray\readarray.st
y
Package: readarray 2016/11/07\ 2.0\ Routines for inputting 2D and 3D array data
 and recalling it on an element-by-element basis.
 (C:\Users\ausflR\AppData\Local\Programs\MiKTeX\tex/latex/base\ifthen.sty
Package: ifthen 2014/09/29 v1.1c Standard LaTeX ifthen package (DPC)
)
(C:\Users\ausflR\AppData\Local\Programs\MiKTeX\tex/latex/listofitems\listofitem
s.sty
(C:\Users\ausflR\AppData\Local\Programs\MiKTeX\tex/generic/listofitems\listofit
ems.tex
\loi_cnt_foreach_nest=\count190
\loi_nestcnt=\count191
)
Package: listofitems 2019/08/21 v1.63 Grab items in lists using user-specified 
sep char (CT)
)
\c@@index=\count192
\c@@plane=\count193
\c@@row=\count194
\c@@col=\count195
\c@use@args=\count196
\c@@record=\count197
\c@arg@index=\count198
\c@break@count=\count199
\c@index@count=\count266
\c@loop@count=\count267
\Arg@toks=\toks18
\@arrayident@toks=\toks19
\rdar@file=\read3

readarray: bounds checking OFF
)
\savedverbbox=\box47
\c@VerbboxLineNo=\count268
\boxtopsep=\dimen143
\boxbottomsep=\dimen144
\ps@tempdima=\dimen145
\ps@tempboxa=\box48
\boxtop@sep=\skip55
\boxbottom@sep=\skip56
) (C:\Users\ausflR\AppData\Local\Programs\MiKTeX\tex/generic/babel\babel.sty
Package: babel 2020/10/27 3.51 The Babel package

(C:\Users\ausflR\AppData\Local\Programs\MiKTeX\tex/generic/babel\babel.def
File: babel.def 2020/10/27 3.51 Babel common definitions
\babel@savecnt=\count269
\U@D=\dimen146
\l@babelnohyphens=\language79

(C:\Users\ausflR\AppData\Local\Programs\MiKTeX\tex/generic/babel\txtbabel.def)
\bbl@readstream=\read4
)
\bbl@dirlevel=\count270
*************************************
* Local config file bblopts.cfg used
*
(C:\Users\ausflR\AppData\Local\Programs\MiKTeX\tex/latex/arabi\bblopts.cfg
File: bblopts.cfg 2005/09/08 v0.1 add Arabic and Farsi to "declared" options of
 babel
)
(C:\Users\ausflR\AppData\Local\Programs\MiKTeX\tex/latex/babel-polish\polish.ld
f
Language: polish 2005/03/31 v1.2l Polish support from the babel system
Package babel Info: Making " an active character on input line 83.
\pl@left=\dimen147
\pl@down=\dimen148
\pl@right=\dimen149
\pl@temp=\dimen150
)) (C:\Users\ausflR\AppData\Local\Programs\MiKTeX\tex/latex/base\fontenc.sty
Package: fontenc 2020/08/10 v2.0s Standard LaTeX package
)
(C:\Users\ausflR\AppData\Local\Programs\MiKTeX\tex/latex/geometry\geometry.sty
Package: geometry 2020/01/02 v5.9 Page Geometry

(C:\Users\ausflR\AppData\Local\Programs\MiKTeX\tex/generic/iftex\ifvtex.sty
Package: ifvtex 2019/10/25 v1.7 ifvtex legacy package. Use iftex instead.

(C:\Users\ausflR\AppData\Local\Programs\MiKTeX\tex/generic/iftex\iftex.sty
Package: iftex 2020/03/06 v1.0d TeX engine tests
))
\Gm@cnth=\count271
\Gm@cntv=\count272
\c@Gm@tempcnt=\count273
\Gm@bindingoffset=\dimen151
\Gm@wd@mp=\dimen152
\Gm@odd@mp=\dimen153
\Gm@even@mp=\dimen154
\Gm@layoutwidth=\dimen155
\Gm@layoutheight=\dimen156
\Gm@layouthoffset=\dimen157
\Gm@layoutvoffset=\dimen158
\Gm@dimlist=\toks20

(C:\Users\ausflR\AppData\Local\Programs\MiKTeX\tex/latex/geometry\geometry.cfg)
))
(C:\Users\ausflR\AppData\Local\Programs\MiKTeX\tex/latex/l3backend\l3backend-pd
ftex.def
File: l3backend-pdftex.def 2020-09-24 L3 backend support: PDF output (pdfTeX)
\l__kernel_color_stack_int=\count274
\l__pdf_internal_box=\box49
) (main.aux)
\openout1 = `main.aux'.

LaTeX Font Info:    Checking defaults for OML/cmm/m/it on input line 3.
LaTeX Font Info:    ... okay on input line 3.
LaTeX Font Info:    Checking defaults for OMS/cmsy/m/n on input line 3.
LaTeX Font Info:    ... okay on input line 3.
LaTeX Font Info:    Checking defaults for OT1/cmr/m/n on input line 3.
LaTeX Font Info:    ... okay on input line 3.
LaTeX Font Info:    Checking defaults for T1/cmr/m/n on input line 3.
LaTeX Font Info:    ... okay on input line 3.
LaTeX Font Info:    Checking defaults for TS1/cmr/m/n on input line 3.
LaTeX Font Info:    ... okay on input line 3.
LaTeX Font Info:    Checking defaults for OMX/cmex/m/n on input line 3.
LaTeX Font Info:    ... okay on input line 3.
LaTeX Font Info:    Checking defaults for U/cmr/m/n on input line 3.
LaTeX Font Info:    ... okay on input line 3.

(C:\Users\ausflR\AppData\Local\Programs\MiKTeX\tex/context/base/mkii\supp-pdf.m
kii
[Loading MPS to PDF converter (version 2006.09.02).]
\scratchcounter=\count275
\scratchdimen=\dimen159
\scratchbox=\box50
\nofMPsegments=\count276
\nofMParguments=\count277
\everyMPshowfont=\toks21
\MPscratchCnt=\count278
\MPscratchDim=\dimen160
\MPnumerator=\count279
\makeMPintoPDFobject=\count280
\everyMPtoPDFconversion=\toks22
)
(C:\Users\ausflR\AppData\Local\Programs\MiKTeX\tex/latex/epstopdf-pkg\epstopdf-
base.sty
Package: epstopdf-base 2020-01-24 v2.11 Base part for package epstopdf
Package epstopdf-base Info: Redefining graphics rule for `.eps' on input line 4
85.
)
*geometry* driver: auto-detecting
*geometry* detected driver: pdftex
*geometry* verbose mode - [ preamble ] result:
* driver: pdftex
* paper: a4paper
* layout: <same size as paper>
* layoutoffset:(h,v)=(0.0pt,0.0pt)
* modes: 
* h-part:(L,W,R)=(36.13512pt, 525.23764pt, 36.13512pt)
* v-part:(T,H,B)=(72.2698pt, 700.50723pt, 72.2698pt)
* \paperwidth=597.50787pt
* \paperheight=845.04684pt
* \textwidth=525.23764pt
* \textheight=700.50723pt
* \oddsidemargin=-36.13487pt
* \evensidemargin=-36.13487pt
* \topmargin=-37.00018pt
* \headheight=12.0pt
* \headsep=25.0pt
* \topskip=12.0pt
* \footskip=30.0pt
* \marginparwidth=35.0pt
* \marginparsep=10.0pt
* \columnsep=10.0pt
* \skip\footins=10.8pt plus 4.0pt minus 2.0pt
* \hoffset=0.0pt
* \voffset=0.0pt
* \mag=1000
* \@twocolumnfalse
* \@twosidefalse
* \@mparswitchfalse
* \@reversemarginfalse
* (1in=72.27pt=25.4mm, 1cm=28.453pt)

(title.tex [1

{C:/Users/ausflR/AppData/Local/MiKTeX/pdftex/config/pdftex.map}])
(tex/section1.tex [1]
<./img/spr2/wyglad-okna.png, id=16, 296.60812pt x 398.23781pt>
File: ./img/spr2/wyglad-okna.png Graphic file (type png)
<use ./img/spr2/wyglad-okna.png>
Package pdftex.def Info: ./img/spr2/wyglad-okna.png  used on input line 36.
(pdftex.def)             Requested size: 210.09184pt x 282.08847pt.
 [2 <./img/spr2/wyglad-okna.png>]
<./img/spr2/sim01.png, id=22, 296.60812pt x 398.23781pt>
File: ./img/spr2/sim01.png Graphic file (type png)
<use ./img/spr2/sim01.png>
Package pdftex.def Info: ./img/spr2/sim01.png  used on input line 58.
(pdftex.def)             Requested size: 189.08586pt x 253.88083pt.
<./img/spr2/sim02.png, id=23, 296.60812pt x 398.23781pt>
File: ./img/spr2/sim02.png Graphic file (type png)
<use ./img/spr2/sim02.png>
Package pdftex.def Info: ./img/spr2/sim02.png  used on input line 59.
(pdftex.def)             Requested size: 189.08586pt x 253.88083pt.
<./img/spr2/sim03.png, id=24, 296.60812pt x 398.23781pt>
File: ./img/spr2/sim03.png Graphic file (type png)
<use ./img/spr2/sim03.png>
Package pdftex.def Info: ./img/spr2/sim03.png  used on input line 60.
(pdftex.def)             Requested size: 189.08586pt x 253.88083pt.
<./img/spr2/sim04.png, id=25, 296.60812pt x 398.23781pt>
File: ./img/spr2/sim04.png Graphic file (type png)
<use ./img/spr2/sim04.png>
Package pdftex.def Info: ./img/spr2/sim04.png  used on input line 61.
(pdftex.def)             Requested size: 189.08586pt x 253.88083pt.
 [3 <./img/spr2/sim01.png> <./img/spr2/sim02.png> <./img/spr2/sim03.png> <./img
/spr2/sim04.png>]
<./img/spr2/sim-end.png, id=33, 296.60812pt x 398.23781pt>
File: ./img/spr2/sim-end.png Graphic file (type png)
<use ./img/spr2/sim-end.png>
Package pdftex.def Info: ./img/spr2/sim-end.png  used on input line 81.
(pdftex.def)             Requested size: 210.09184pt x 282.08847pt.
<./img/spr2/wykres.png, id=34, 459.96844pt x 501.37312pt>
File: ./img/spr2/wykres.png Graphic file (type png)
<use ./img/spr2/wykres.png>
Package pdftex.def Info: ./img/spr2/wykres.png  used on input line 92.
(pdftex.def)             Requested size: 367.66473pt x 400.78537pt.


LaTeX Warning: `h' float specifier changed to `ht'.

[4 <./img/spr2/sim-end.png>] [5 <./img/spr2/wykres.png>] (tex/spec/params1.tex
LaTeX Font Info:    Trying to load font information for T1+cmtt on input line 1
.

(C:\Users\ausflR\AppData\Local\Programs\MiKTeX\tex/latex/base\t1cmtt.fd
File: t1cmtt.fd 2019/12/16 v2.5j Standard LaTeX font definitions
))
[6

]) (tex/section2.tex (tex//params/uruch01_a.tex) [7]
<./img/wykres01_a.png, id=51, 398.23781pt x 450.9347pt>
File: ./img/wykres01_a.png Graphic file (type png)
<use ./img/wykres01_a.png>
Package pdftex.def Info: ./img/wykres01_a.png  used on input line 22.
(pdftex.def)             Requested size: 288.8823pt x 327.12225pt.
<./img/uruch01_a.png, id=52, 296.60812pt x 398.23781pt>
File: ./img/uruch01_a.png Graphic file (type png)
<use ./img/uruch01_a.png>
Package pdftex.def Info: ./img/uruch01_a.png  used on input line 29.
(pdftex.def)             Requested size: 136.5589pt x 183.35568pt.
 [8 <./img/wykres01_a.png> <./img/uruch01_a.png>]
<./img/wykres02_a.png, id=58, 435.87843pt x 492.33937pt>
File: ./img/wykres02_a.png Graphic file (type png)
<use ./img/wykres02_a.png>
Package pdftex.def Info: ./img/wykres02_a.png  used on input line 40.
(pdftex.def)             Requested size: 288.8823pt x 326.29723pt.
<./img/uruch02_a.png, id=59, 296.60812pt x 398.23781pt>
File: ./img/uruch02_a.png Graphic file (type png)
<use ./img/uruch02_a.png>
Package pdftex.def Info: ./img/uruch02_a.png  used on input line 49.
(pdftex.def)             Requested size: 136.5589pt x 183.35568pt.
 [9 <./img/wykres02_a.png> <./img/uruch02_a.png>]
(tex//params/uruch02_alt.tex)
<./img/wykres02_alt.png, id=65, 434.37282pt x 486.31688pt>
File: ./img/wykres02_alt.png Graphic file (type png)
<use ./img/wykres02_alt.png>
Package pdftex.def Info: ./img/wykres02_alt.png  used on input line 64.
(pdftex.def)             Requested size: 288.8823pt x 323.44861pt.
<./img/uruch02_alt.png, id=66, 296.60812pt x 398.23781pt>
File: ./img/uruch02_alt.png Graphic file (type png)
<use ./img/uruch02_alt.png>
Package pdftex.def Info: ./img/uruch02_alt.png  used on input line 73.
(pdftex.def)             Requested size: 136.5589pt x 183.35568pt.
 [10 <./img/wykres02_alt.png> <./img/uruch02_alt.png>] (tex//params/uruch03_a.t
ex)
<./img/wykres03_a.png, id=72, 437.38406pt x 485.56406pt>
File: ./img/wykres03_a.png Graphic file (type png)
<use ./img/wykres03_a.png>
Package pdftex.def Info: ./img/wykres03_a.png  used on input line 87.
(pdftex.def)             Requested size: 288.8823pt x 320.70294pt.
 [11 <./img/wykres03_a.png>]
<./img/uruch03_a.png, id=77, 296.60812pt x 398.23781pt>
File: ./img/uruch03_a.png Graphic file (type png)
<use ./img/uruch03_a.png>
Package pdftex.def Info: ./img/uruch03_a.png  used on input line 96.
(pdftex.def)             Requested size: 136.5589pt x 183.35568pt.
 [12 <./img/uruch03_a.png>] (tex//params/uruch01_b.tex) [13]
<./img/wykres01_b.png, id=86, 435.87843pt x 498.36188pt>
File: ./img/wykres01_b.png Graphic file (type png)
<use ./img/wykres01_b.png>
Package pdftex.def Info: ./img/wykres01_b.png  used on input line 115.
(pdftex.def)             Requested size: 288.8823pt x 330.28864pt.
<./img/uruch01_b.JPG, id=87, 492.84125pt x 663.47874pt>
File: ./img/uruch01_b.JPG Graphic file (type jpg)
<use ./img/uruch01_b.JPG>
Package pdftex.def Info: ./img/uruch01_b.JPG  used on input line 122.
(pdftex.def)             Requested size: 136.5589pt x 183.83911pt.
 [14 <./img/wykres01_b.png> <./img/uruch01_b.JPG>] (tex//params/uruch02_b.tex)
<./img/wykres02_b.png, id=92, 435.12563pt x 485.56406pt>
File: ./img/wykres02_b.png Graphic file (type png)
<use ./img/wykres02_b.png>
Package pdftex.def Info: ./img/wykres02_b.png  used on input line 133.
(pdftex.def)             Requested size: 288.8823pt x 322.38481pt.
<./img/uruch02_b.JPG, id=93, 490.83376pt x 660.4675pt>
File: ./img/uruch02_b.JPG Graphic file (type jpg)
<use ./img/uruch02_b.JPG>
Package pdftex.def Info: ./img/uruch02_b.JPG  used on input line 140.
(pdftex.def)             Requested size: 136.5589pt x 183.75052pt.
 [15 <./img/wykres02_b.png> <./img/uruch02_b.JPG>] (tex//params/uruch03_b.tex)
<./img/wykres03_b.png, id=98, 433.62pt x 493.845pt>
File: ./img/wykres03_b.png Graphic file (type png)
<use ./img/wykres03_b.png>
Package pdftex.def Info: ./img/wykres03_b.png  used on input line 152.
(pdftex.def)             Requested size: 288.8823pt x 329.02069pt.
 [16 <./img/wykres03_b.png>]
<./img/uruch03_b.JPG, id=103, 496.85625pt x 662.475pt>
File: ./img/uruch03_b.JPG Graphic file (type jpg)
<use ./img/uruch03_b.JPG>
Package pdftex.def Info: ./img/uruch03_b.JPG  used on input line 160.
(pdftex.def)             Requested size: 136.5589pt x 182.07504pt.
 [17 <./img/uruch03_b.JPG>]) (tex/section3.tex [18

]) (tex/section4.tex (tex//spec/code.tex
[19] [20] [21] [22] [23] [24])) [25] (main.aux) ) 
Here is how much of TeX's memory you used:
 3584 strings out of 479697
 54700 string characters out of 2866657
 373517 words of memory out of 3000000
 20567 multiletter control sequences out of 15000+200000
 412312 words of font info for 41 fonts, out of 3000000 for 9000
 1141 hyphenation exceptions out of 8191
 70i,6n,74p,480b,333s stack positions out of 5000i,500n,10000p,200000b,50000s
 <C:\Users\ausflR\AppData\Loca
l\MiKTeX\fonts/pk/ljfour/jknappen/ec/dpi600\ectt0900.pk> <C:\Users\ausflR\AppDa
ta\Local\MiKTeX\fonts/pk/ljfour/jknappen/ec/dpi600\tcrm1200.pk> <C:\Users\ausfl
R\AppData\Local\MiKTeX\fonts/pk/ljfour/jknappen/ec/dpi600\ecbx1200.pk> <C:\User
s\ausflR\AppData\Local\MiKTeX\fonts/pk/ljfour/jknappen/ec/dpi600\ecti1200.pk> <
C:\Users\ausflR\AppData\Local\MiKTeX\fonts/pk/ljfour/jknappen/ec/dpi600\ecbx207
4.pk> <C:\Users\ausflR\AppData\Local\MiKTeX\fonts/pk/ljfour/jknappen/ec/dpi600\
ecrm1440.pk> <C:\Users\ausflR\AppData\Local\MiKTeX\fonts/pk/ljfour/jknappen/ec/
dpi600\ecrm1728.pk> <C:\Users\ausflR\AppData\Local\MiKTeX\fonts/pk/ljfour/jknap
pen/ec/dpi600\ecbx2488.pk> <C:\Users\ausflR\AppData\Local\MiKTeX\fonts/pk/ljfou
r/jknappen/ec/dpi600\ecrm1200.pk>
Output written on main.pdf (26 pages, 500830 bytes).
PDF statistics:
 481 PDF objects out of 1000 (max. 8388607)
 0 named destinations out of 1000 (max. 500000)
 106 words of extra memory for PDF output out of 10000 (max. 10000000)

